<?xml version="1.0" encoding="UTF-8"?>
<testsuite name="com.ldts.mythsmists.controller.OptionsMenuControllerTest" tests="1" skipped="0" failures="0" errors="0" timestamp="2023-12-23T19:02:36" hostname="vicente-HP" time="0.099">
  <properties/>
  <testcase name="testSelectStep()" classname="com.ldts.mythsmists.controller.OptionsMenuControllerTest" time="0.099"/>
  <system-out><![CDATA[]]></system-out>
  <system-err><![CDATA[]]></system-err>
</testsuite>
