<?xml version="1.0" encoding="UTF-8"?>
<testsuite name="com.ldts.mythsmists.controller.CerberusControllerTest" tests="1" skipped="0" failures="0" errors="0" timestamp="2023-12-23T19:02:35" hostname="vicente-HP" time="0.028">
  <properties/>
  <testcase name="colliderTest()" classname="com.ldts.mythsmists.controller.CerberusControllerTest" time="0.028"/>
  <system-out><![CDATA[]]></system-out>
  <system-err><![CDATA[]]></system-err>
</testsuite>
