<?xml version="1.0" encoding="UTF-8"?>
<testsuite name="com.ldts.mythsmists.controller.OrpheusControllerTest" tests="3" skipped="0" failures="0" errors="0" timestamp="2023-12-23T19:02:36" hostname="vicente-HP" time="0.015">
  <properties/>
  <testcase name="dracmaCounterTest()" classname="com.ldts.mythsmists.controller.OrpheusControllerTest" time="0.002"/>
  <testcase name="moveRightNotEmpty()" classname="com.ldts.mythsmists.controller.OrpheusControllerTest" time="0.009"/>
  <testcase name="moveRightEmpty()" classname="com.ldts.mythsmists.controller.OrpheusControllerTest" time="0.0"/>
  <system-out><![CDATA[]]></system-out>
  <system-err><![CDATA[]]></system-err>
</testsuite>
